# JRE version: Java(TM) SE Runtime Environment (8.0_66-b18) (build 1.8.0_66-b18)
# Java VM: Java HotSpot(TM) 64-Bit Server VM (25.66-b18 mixed mode windows-amd64 compressed oops)
Heap:
 PSYoungGen      total 108032K, used 43143K [0x00000000f5580000, 0x00000000fd400000, 0x0000000100000000)
  eden space 89600K, 48% used [0x00000000f5580000,0x00000000f7fa1fb0,0x00000000fad00000)
  from space 18432K, 0% used [0x00000000fad00000,0x00000000fad00000,0x00000000fbf00000)
  to   space 17408K, 0% used [0x00000000fc300000,0x00000000fc300000,0x00000000fd400000)
 ParOldGen       total 115200K, used 44474K [0x00000000e0000000, 0x00000000e7080000, 0x00000000f5580000)
  object space 115200K, 38% used [0x00000000e0000000,0x00000000e2b6ea10,0x00000000e7080000)
 Metaspace       used 85125K, capacity 92278K, committed 92416K, reserved 1128448K
  class space    used 10167K, capacity 12449K, committed 12544K, reserved 1048576K
GC Heap History (10 events):
Event: 751.931 GC heap before
{Heap before GC invocations=43 (full 14):
 PSYoungGen      total 108544K, used 28337K [0x00000000f5580000, 0x00000000fd200000, 0x0000000100000000)
  eden space 90624K, 31% used [0x00000000f5580000,0x00000000f712c6b8,0x00000000fae00000)
  from space 17920K, 0% used [0x00000000fc080000,0x00000000fc080000,0x00000000fd200000)
  to   space 18432K, 0% used [0x00000000fae00000,0x00000000fae00000,0x00000000fc000000)
 ParOldGen       total 115200K, used 39539K [0x00000000e0000000, 0x00000000e7080000, 0x00000000f5580000)
  object space 115200K, 34% used [0x00000000e0000000,0x00000000e269cee0,0x00000000e7080000)
 Metaspace       used 80239K, capacity 86614K, committed 87040K, reserved 1124352K
  class space    used 9515K, capacity 11426K, committed 11520K, reserved 1048576K
Event: 751.938 GC heap after
Heap after GC invocations=43 (full 14):
 PSYoungGen      total 91648K, used 1017K [0x00000000f5580000, 0x00000000fd000000, 0x0000000100000000)
  eden space 90624K, 0% used [0x00000000f5580000,0x00000000f5580000,0x00000000fae00000)
  from space 1024K, 99% used [0x00000000fae00000,0x00000000faefe600,0x00000000faf00000)
  to   space 17408K, 0% used [0x00000000fbf00000,0x00000000fbf00000,0x00000000fd000000)
 ParOldGen       total 115200K, used 39547K [0x00000000e0000000, 0x00000000e7080000, 0x00000000f5580000)
  object space 115200K, 34% used [0x00000000e0000000,0x00000000e269eee0,0x00000000e7080000)
 Metaspace       used 80239K, capacity 86614K, committed 87040K, reserved 1124352K
  class space    used 9515K, capacity 11426K, committed 11520K, reserved 1048576K
}
Event: 751.938 GC heap before
{Heap before GC invocations=44 (full 15):
 PSYoungGen      total 91648K, used 1017K [0x00000000f5580000, 0x00000000fd000000, 0x0000000100000000)
  eden space 90624K, 0% used [0x00000000f5580000,0x00000000f5580000,0x00000000fae00000)
  from space 1024K, 99% used [0x00000000fae00000,0x00000000faefe600,0x00000000faf00000)
  to   space 17408K, 0% used [0x00000000fbf00000,0x00000000fbf00000,0x00000000fd000000)
 ParOldGen       total 115200K, used 39547K [0x00000000e0000000, 0x00000000e7080000, 0x00000000f5580000)
  object space 115200K, 34% used [0x00000000e0000000,0x00000000e269eee0,0x00000000e7080000)
 Metaspace       used 80239K, capacity 86614K, committed 87040K, reserved 1124352K
  class space    used 9515K, capacity 11426K, committed 11520K, reserved 1048576K
Event: 752.257 GC heap after
Heap after GC invocations=44 (full 15):
 PSYoungGen      total 91648K, used 0K [0x00000000f5580000, 0x00000000fd000000, 0x0000000100000000)
  eden space 90624K, 0% used [0x00000000f5580000,0x00000000f5580000,0x00000000fae00000)
  from space 1024K, 0% used [0x00000000fae00000,0x00000000fae00000,0x00000000faf00000)
  to   space 17408K, 0% used [0x00000000fbf00000,0x00000000fbf00000,0x00000000fd000000)
 ParOldGen       total 115200K, used 40131K [0x00000000e0000000, 0x00000000e7080000, 0x00000000f5580000)
  object space 115200K, 34% used [0x00000000e0000000,0x00000000e2730c18,0x00000000e7080000)
 Metaspace       used 80239K, capacity 86614K, committed 87040K, reserved 1124352K
  class space    used 9515K, capacity 11426K, committed 11520K, reserved 1048576K
}
Event: 902.818 GC heap before
{Heap before GC invocations=45 (full 15):
 PSYoungGen      total 91648K, used 90624K [0x00000000f5580000, 0x00000000fd000000, 0x0000000100000000)
  eden space 90624K, 100% used [0x00000000f5580000,0x00000000fae00000,0x00000000fae00000)
  from space 1024K, 0% used [0x00000000fae00000,0x00000000fae00000,0x00000000faf00000)
  to   space 17408K, 0% used [0x00000000fbf00000,0x00000000fbf00000,0x00000000fd000000)
 ParOldGen       total 115200K, used 40131K [0x00000000e0000000, 0x00000000e7080000, 0x00000000f5580000)
  object space 115200K, 34% used [0x00000000e0000000,0x00000000e2730c18,0x00000000e7080000)
 Metaspace       used 84392K, capacity 91700K, committed 92032K, reserved 1128448K
  class space    used 10093K, capacity 12283K, committed 12416K, reserved 1048576K
Event: 902.833 GC heap after
Heap after GC invocations=45 (full 15):
 PSYoungGen      total 107008K, used 10110K [0x00000000f5580000, 0x00000000fd600000, 0x0000000100000000)
  eden space 89600K, 0% used [0x00000000f5580000,0x00000000f5580000,0x00000000fad00000)
  from space 17408K, 58% used [0x00000000fbf00000,0x00000000fc8dfa18,0x00000000fd000000)
  to   space 18432K, 0% used [0x00000000fad00000,0x00000000fad00000,0x00000000fbf00000)
 ParOldGen       total 115200K, used 40139K [0x00000000e0000000, 0x00000000e7080000, 0x00000000f5580000)
  object space 115200K, 34% used [0x00000000e0000000,0x00000000e2732c18,0x00000000e7080000)
 Metaspace       used 84392K, capacity 91700K, committed 92032K, reserved 1128448K
  class space    used 10093K, capacity 12283K, committed 12416K, reserved 1048576K
}
Event: 937.008 GC heap before
{Heap before GC invocations=46 (full 15):
 PSYoungGen      total 107008K, used 14989K [0x00000000f5580000, 0x00000000fd600000, 0x0000000100000000)
  eden space 89600K, 5% used [0x00000000f5580000,0x00000000f5a43a40,0x00000000fad00000)
  from space 17408K, 58% used [0x00000000fbf00000,0x00000000fc8dfa18,0x00000000fd000000)
  to   space 18432K, 0% used [0x00000000fad00000,0x00000000fad00000,0x00000000fbf00000)
 ParOldGen       total 115200K, used 40139K [0x00000000e0000000, 0x00000000e7080000, 0x00000000f5580000)
  object space 115200K, 34% used [0x00000000e0000000,0x00000000e2732c18,0x00000000e7080000)
 Metaspace       used 84429K, capacity 91734K, committed 92032K, reserved 1128448K
  class space    used 10098K, capacity 12317K, committed 12416K, reserved 1048576K
Event: 937.018 GC heap after
Heap after GC invocations=46 (full 15):
 PSYoungGen      total 108032K, used 5351K [0x00000000f5580000, 0x00000000fd400000, 0x0000000100000000)
  eden space 89600K, 0% used [0x00000000f5580000,0x00000000f5580000,0x00000000fad00000)
  from space 18432K, 29% used [0x00000000fad00000,0x00000000fb239d30,0x00000000fbf00000)
  to   space 17408K, 0% used [0x00000000fc300000,0x00000000fc300000,0x00000000fd400000)
 ParOldGen       total 115200K, used 40147K [0x00000000e0000000, 0x00000000e7080000, 0x00000000f5580000)
  object space 115200K, 34% used [0x00000000e0000000,0x00000000e2734c18,0x00000000e7080000)
 Metaspace       used 84429K, capacity 91734K, committed 92032K, reserved 1128448K
  class space    used 10098K, capacity 12317K, committed 12416K, reserved 1048576K
}
Event: 937.018 GC heap before
{Heap before GC invocations=47 (full 16):
 PSYoungGen      total 108032K, used 5351K [0x00000000f5580000, 0x00000000fd400000, 0x0000000100000000)
  eden space 89600K, 0% used [0x00000000f5580000,0x00000000f5580000,0x00000000fad00000)
  from space 18432K, 29% used [0x00000000fad00000,0x00000000fb239d30,0x00000000fbf00000)
  to   space 17408K, 0% used [0x00000000fc300000,0x00000000fc300000,0x00000000fd400000)
 ParOldGen       total 115200K, used 40147K [0x00000000e0000000, 0x00000000e7080000, 0x00000000f5580000)
  object space 115200K, 34% used [0x00000000e0000000,0x00000000e2734c18,0x00000000e7080000)
 Metaspace       used 84429K, capacity 91734K, committed 92032K, reserved 1128448K
  class space    used 10098K, capacity 12317K, committed 12416K, reserved 1048576K
Event: 937.854 GC heap after
Heap after GC invocations=47 (full 16):
 PSYoungGen      total 108032K, used 0K [0x00000000f5580000, 0x00000000fd400000, 0x0000000100000000)
  eden space 89600K, 0% used [0x00000000f5580000,0x00000000f5580000,0x00000000fad00000)
  from space 18432K, 0% used [0x00000000fad00000,0x00000000fad00000,0x00000000fbf00000)
  to   space 17408K, 0% used [0x00000000fc300000,0x00000000fc300000,0x00000000fd400000)
 ParOldGen       total 115200K, used 44474K [0x00000000e0000000, 0x00000000e7080000, 0x00000000f5580000)
  object space 115200K, 38% used [0x00000000e0000000,0x00000000e2b6ea10,0x00000000e7080000)
 Metaspace       used 84429K, capacity 91734K, committed 92032K, reserved 1128448K
  class space    used 10098K, capacity 12317K, committed 12416K, reserved 1048576K
}

